android/app/build/intermediates/manifest_merge_blame_file/release/manifest-merger-blame-release-report.txt
1<?xml version="1.0" encoding="utf-8"?>
2<manifest xmlns:android="http://schemas.android.com/apk/res/android"
3    package="com.shinkapp"
4    android:versionCode="1"
5    android:versionName="1.0" >
6    <!--
7 <adaptive-icon xmlns:android="http://schemas.android.com/apk/res/android">
8    <background android:drawable="@color/ic_launcher_background" />
9    <foreground android:drawable="@mipmap/ic_launcher_foreground" />
10</adaptive-icon>
11    -->
12    <uses-sdk
13        android:minSdkVersion="21"
13-->src\main\AndroidManifest.xml
14        android:targetSdkVersion="33" />
14-->src\main\AndroidManifest.xml
15
16    <uses-permission android:name="android.permission.INTERNET" />
16-->src\main\AndroidManifest.xml:3:5-67
16-->src\main\AndroidManifest.xml:3:22-64
17    <uses-permission android:name="android.permission.ACCESS_NETWORK_STATE" />
17-->[com.google.android.gms:play-services-measurement-api:21.5.0] AndroidManifest.xml:23:5-79
17-->[com.google.android.gms:play-services-measurement-api:21.5.0] AndroidManifest.xml:23:22-76
18    <uses-permission android:name="android.permission.WAKE_LOCK" />
18-->[com.google.android.gms:play-services-measurement-api:21.5.0] AndroidManifest.xml:24:5-68
18-->[com.google.android.gms:play-services-measurement-api:21.5.0] AndroidManifest.xml:24:22-65
19    <uses-permission android:name="com.google.android.gms.permission.AD_ID" />
19-->[com.google.android.gms:play-services-measurement-api:21.5.0] AndroidManifest.xml:25:5-79
19-->[com.google.android.gms:play-services-measurement-api:21.5.0] AndroidManifest.xml:25:22-76
20    <uses-permission android:name="android.permission.ACCESS_ADSERVICES_ATTRIBUTION" />
20-->[com.google.android.gms:play-services-measurement-api:21.5.0] AndroidManifest.xml:26:5-88
20-->[com.google.android.gms:play-services-measurement-api:21.5.0] AndroidManifest.xml:26:22-85
21    <uses-permission android:name="android.permission.ACCESS_ADSERVICES_AD_ID" />
21-->[com.google.android.gms:play-services-measurement-api:21.5.0] AndroidManifest.xml:27:5-82
21-->[com.google.android.gms:play-services-measurement-api:21.5.0] AndroidManifest.xml:27:22-79
22    <uses-permission android:name="com.google.android.finsky.permission.BIND_GET_INSTALL_REFERRER_SERVICE" />
22-->[com.google.android.gms:play-services-measurement:21.5.0] AndroidManifest.xml:26:5-110
22-->[com.google.android.gms:play-services-measurement:21.5.0] AndroidManifest.xml:26:22-107
23
24    <permission
24-->[androidx.core:core:1.9.0] AndroidManifest.xml:22:5-24:47
25        android:name="com.shinkapp.DYNAMIC_RECEIVER_NOT_EXPORTED_PERMISSION"
25-->[androidx.core:core:1.9.0] AndroidManifest.xml:23:9-81
26        android:protectionLevel="signature" />
26-->[androidx.core:core:1.9.0] AndroidManifest.xml:24:9-44
27
28    <uses-permission android:name="com.shinkapp.DYNAMIC_RECEIVER_NOT_EXPORTED_PERMISSION" />
28-->[androidx.core:core:1.9.0] AndroidManifest.xml:26:5-97
28-->[androidx.core:core:1.9.0] AndroidManifest.xml:26:22-94
29
30    <application
30-->src\main\AndroidManifest.xml:5:5-25:19
31        android:name="com.shinkapp.MainApplication"
31-->src\main\AndroidManifest.xml:6:7-38
32        android:allowBackup="false"
32-->src\main\AndroidManifest.xml:10:7-34
33        android:appComponentFactory="androidx.core.app.CoreComponentFactory"
33-->[androidx.core:core:1.9.0] AndroidManifest.xml:28:18-86
34        android:icon="@mipmap/ic_launcher"
34-->src\main\AndroidManifest.xml:8:7-41
35        android:label="@string/app_name"
35-->src\main\AndroidManifest.xml:7:7-39
36        android:roundIcon="@mipmap/ic_launcher_round"
36-->src\main\AndroidManifest.xml:9:7-52
37        android:theme="@style/AppTheme" >
37-->src\main\AndroidManifest.xml:11:7-38
38        <activity
38-->src\main\AndroidManifest.xml:13:7-24:18
39            android:name="com.shinkapp.MainActivity"
39-->src\main\AndroidManifest.xml:14:9-37
40            android:configChanges="keyboard|keyboardHidden|orientation|screenLayout|screenSize|smallestScreenSize|uiMode"
40-->src\main\AndroidManifest.xml:16:9-118
41            android:exported="true"
41-->src\main\AndroidManifest.xml:19:9-32
42            android:label="@string/app_name"
42-->src\main\AndroidManifest.xml:15:9-41
43            android:launchMode="singleTask"
43-->src\main\AndroidManifest.xml:17:9-40
44            android:windowSoftInputMode="adjustResize" >
44-->src\main\AndroidManifest.xml:18:9-51
45            <intent-filter>
45-->src\main\AndroidManifest.xml:20:9-23:25
46                <action android:name="android.intent.action.MAIN" />
46-->src\main\AndroidManifest.xml:21:13-65
46-->src\main\AndroidManifest.xml:21:21-62
47
48                <category android:name="android.intent.category.LAUNCHER" />
48-->src\main\AndroidManifest.xml:22:13-73
48-->src\main\AndroidManifest.xml:22:23-70
49            </intent-filter>
50        </activity>
51
52        <provider
52-->[:react-native-image-picker] AndroidManifest.xml:8:9-16:20
53            android:name="com.imagepicker.ImagePickerProvider"
53-->[:react-native-image-picker] AndroidManifest.xml:9:13-63
54            android:authorities="com.shinkapp.imagepickerprovider"
54-->[:react-native-image-picker] AndroidManifest.xml:10:13-71
55            android:exported="false"
55-->[:react-native-image-picker] AndroidManifest.xml:11:13-37
56            android:grantUriPermissions="true" >
56-->[:react-native-image-picker] AndroidManifest.xml:12:13-47
57            <meta-data
57-->[:react-native-image-picker] AndroidManifest.xml:13:13-15:70
58                android:name="android.support.FILE_PROVIDER_PATHS"
58-->[:react-native-image-picker] AndroidManifest.xml:14:17-67
59                android:resource="@xml/imagepicker_provider_paths" />
59-->[:react-native-image-picker] AndroidManifest.xml:15:17-67
60        </provider>
61
62        <property
62-->[com.google.android.gms:play-services-measurement-api:21.5.0] AndroidManifest.xml:30:9-32:61
63            android:name="android.adservices.AD_SERVICES_CONFIG"
63-->[com.google.android.gms:play-services-measurement-api:21.5.0] AndroidManifest.xml:31:13-65
64            android:resource="@xml/ga_ad_services_config" />
64-->[com.google.android.gms:play-services-measurement-api:21.5.0] AndroidManifest.xml:32:13-58
65
66        <service
66-->[com.google.android.gms:play-services-measurement-api:21.5.0] AndroidManifest.xml:34:9-40:19
67            android:name="com.google.firebase.components.ComponentDiscoveryService"
67-->[com.google.android.gms:play-services-measurement-api:21.5.0] AndroidManifest.xml:35:13-84
68            android:directBootAware="true"
68-->[com.google.firebase:firebase-common:20.4.2] AndroidManifest.xml:32:13-43
69            android:exported="false" >
69-->[com.google.android.gms:play-services-measurement-api:21.5.0] AndroidManifest.xml:36:13-37
70            <meta-data
70-->[com.google.android.gms:play-services-measurement-api:21.5.0] AndroidManifest.xml:37:13-39:85
71                android:name="com.google.firebase.components:com.google.firebase.analytics.connector.internal.AnalyticsConnectorRegistrar"
71-->[com.google.android.gms:play-services-measurement-api:21.5.0] AndroidManifest.xml:38:17-139
72                android:value="com.google.firebase.components.ComponentRegistrar" />
72-->[com.google.android.gms:play-services-measurement-api:21.5.0] AndroidManifest.xml:39:17-82
73            <meta-data
73-->[com.google.firebase:firebase-installations:17.2.0] AndroidManifest.xml:15:13-17:85
74                android:name="com.google.firebase.components:com.google.firebase.installations.FirebaseInstallationsKtxRegistrar"
74-->[com.google.firebase:firebase-installations:17.2.0] AndroidManifest.xml:16:17-130
75                android:value="com.google.firebase.components.ComponentRegistrar" />
75-->[com.google.firebase:firebase-installations:17.2.0] AndroidManifest.xml:17:17-82
76            <meta-data
76-->[com.google.firebase:firebase-installations:17.2.0] AndroidManifest.xml:18:13-20:85
77                android:name="com.google.firebase.components:com.google.firebase.installations.FirebaseInstallationsRegistrar"
77-->[com.google.firebase:firebase-installations:17.2.0] AndroidManifest.xml:19:17-127
78                android:value="com.google.firebase.components.ComponentRegistrar" />
78-->[com.google.firebase:firebase-installations:17.2.0] AndroidManifest.xml:20:17-82
79            <meta-data
79-->[com.google.firebase:firebase-common-ktx:20.4.2] AndroidManifest.xml:12:13-14:85
80                android:name="com.google.firebase.components:com.google.firebase.ktx.FirebaseCommonLegacyRegistrar"
80-->[com.google.firebase:firebase-common-ktx:20.4.2] AndroidManifest.xml:13:17-116
81                android:value="com.google.firebase.components.ComponentRegistrar" />
81-->[com.google.firebase:firebase-common-ktx:20.4.2] AndroidManifest.xml:14:17-82
82            <meta-data
82-->[com.google.firebase:firebase-common:20.4.2] AndroidManifest.xml:35:13-37:85
83                android:name="com.google.firebase.components:com.google.firebase.FirebaseCommonKtxRegistrar"
83-->[com.google.firebase:firebase-common:20.4.2] AndroidManifest.xml:36:17-109
84                android:value="com.google.firebase.components.ComponentRegistrar" />
84-->[com.google.firebase:firebase-common:20.4.2] AndroidManifest.xml:37:17-82
85        </service>
86
87        <provider
87-->[com.google.firebase:firebase-common:20.4.2] AndroidManifest.xml:23:9-28:39
88            android:name="com.google.firebase.provider.FirebaseInitProvider"
88-->[com.google.firebase:firebase-common:20.4.2] AndroidManifest.xml:24:13-77
89            android:authorities="com.shinkapp.firebaseinitprovider"
89-->[com.google.firebase:firebase-common:20.4.2] AndroidManifest.xml:25:13-72
90            android:directBootAware="true"
90-->[com.google.firebase:firebase-common:20.4.2] AndroidManifest.xml:26:13-43
91            android:exported="false"
91-->[com.google.firebase:firebase-common:20.4.2] AndroidManifest.xml:27:13-37
92            android:initOrder="100" />
92-->[com.google.firebase:firebase-common:20.4.2] AndroidManifest.xml:28:13-36
93
94        <receiver
94-->[com.google.android.gms:play-services-measurement:21.5.0] AndroidManifest.xml:29:9-33:20
95            android:name="com.google.android.gms.measurement.AppMeasurementReceiver"
95-->[com.google.android.gms:play-services-measurement:21.5.0] AndroidManifest.xml:30:13-85
96            android:enabled="true"
96-->[com.google.android.gms:play-services-measurement:21.5.0] AndroidManifest.xml:31:13-35
97            android:exported="false" >
97-->[com.google.android.gms:play-services-measurement:21.5.0] AndroidManifest.xml:32:13-37
98        </receiver>
99
100        <service
100-->[com.google.android.gms:play-services-measurement:21.5.0] AndroidManifest.xml:35:9-38:40
101            android:name="com.google.android.gms.measurement.AppMeasurementService"
101-->[com.google.android.gms:play-services-measurement:21.5.0] AndroidManifest.xml:36:13-84
102            android:enabled="true"
102-->[com.google.android.gms:play-services-measurement:21.5.0] AndroidManifest.xml:37:13-35
103            android:exported="false" />
103-->[com.google.android.gms:play-services-measurement:21.5.0] AndroidManifest.xml:38:13-37
104        <service
104-->[com.google.android.gms:play-services-measurement:21.5.0] AndroidManifest.xml:39:9-43:72
105            android:name="com.google.android.gms.measurement.AppMeasurementJobService"
105-->[com.google.android.gms:play-services-measurement:21.5.0] AndroidManifest.xml:40:13-87
106            android:enabled="true"
106-->[com.google.android.gms:play-services-measurement:21.5.0] AndroidManifest.xml:41:13-35
107            android:exported="false"
107-->[com.google.android.gms:play-services-measurement:21.5.0] AndroidManifest.xml:42:13-37
108            android:permission="android.permission.BIND_JOB_SERVICE" />
108-->[com.google.android.gms:play-services-measurement:21.5.0] AndroidManifest.xml:43:13-69
109
110        <uses-library
110-->[androidx.privacysandbox.ads:ads-adservices:1.0.0-beta05] AndroidManifest.xml:23:9-25:40
111            android:name="android.ext.adservices"
111-->[androidx.privacysandbox.ads:ads-adservices:1.0.0-beta05] AndroidManifest.xml:24:13-50
112            android:required="false" />
112-->[androidx.privacysandbox.ads:ads-adservices:1.0.0-beta05] AndroidManifest.xml:25:13-37
113
114        <meta-data
114-->[com.google.android.gms:play-services-basement:18.1.0] AndroidManifest.xml:21:9-23:69
115            android:name="com.google.android.gms.version"
115-->[com.google.android.gms:play-services-basement:18.1.0] AndroidManifest.xml:22:13-58
116            android:value="@integer/google_play_services_version" />
116-->[com.google.android.gms:play-services-basement:18.1.0] AndroidManifest.xml:23:13-66
117
118        <provider
118-->[androidx.emoji2:emoji2:1.2.0] AndroidManifest.xml:24:9-32:20
119            android:name="androidx.startup.InitializationProvider"
119-->[androidx.emoji2:emoji2:1.2.0] AndroidManifest.xml:25:13-67
120            android:authorities="com.shinkapp.androidx-startup"
120-->[androidx.emoji2:emoji2:1.2.0] AndroidManifest.xml:26:13-68
121            android:exported="false" >
121-->[androidx.emoji2:emoji2:1.2.0] AndroidManifest.xml:27:13-37
122            <meta-data
122-->[androidx.emoji2:emoji2:1.2.0] AndroidManifest.xml:29:13-31:52
123                android:name="androidx.emoji2.text.EmojiCompatInitializer"
123-->[androidx.emoji2:emoji2:1.2.0] AndroidManifest.xml:30:17-75
124                android:value="androidx.startup" />
124-->[androidx.emoji2:emoji2:1.2.0] AndroidManifest.xml:31:17-49
125            <meta-data
125-->[androidx.lifecycle:lifecycle-process:2.4.1] AndroidManifest.xml:31:13-33:52
126                android:name="androidx.lifecycle.ProcessLifecycleInitializer"
126-->[androidx.lifecycle:lifecycle-process:2.4.1] AndroidManifest.xml:32:17-78
127                android:value="androidx.startup" />
127-->[androidx.lifecycle:lifecycle-process:2.4.1] AndroidManifest.xml:33:17-49
128        </provider>
129
130        <meta-data
130-->[com.facebook.soloader:soloader:0.10.5] AndroidManifest.xml:12:9-14:37
131            android:name="com.facebook.soloader.enabled"
131-->[com.facebook.soloader:soloader:0.10.5] AndroidManifest.xml:13:13-57
132            android:value="false" />
132-->[com.facebook.soloader:soloader:0.10.5] AndroidManifest.xml:14:13-34
133    </application>
134
135</manifest>